2025-03-08T10:31:38.894+05:30  INFO 960 --- [employeepayrollapp] [restartedMain] c.b.e.EmployeepayrollappApplication      : Starting EmployeepayrollappApplication using Java 18.0.1.1 with PID 960 (C:\Users\ASUS\Desktop\employeepayrollapp\target\classes started by root in C:\Users\ASUS\Desktop\employeepayrollapp)
2025-03-08T10:31:38.897+05:30 DEBUG 960 --- [employeepayrollapp] [restartedMain] c.b.e.EmployeepayrollappApplication      : Running with Spring Boot v3.4.3, Spring v6.2.3
2025-03-08T10:31:38.898+05:30  INFO 960 --- [employeepayrollapp] [restartedMain] c.b.e.EmployeepayrollappApplication      : No active profile set, falling back to 1 default profile: "default"
2025-03-08T10:31:42.465+05:30  WARN 960 --- [employeepayrollapp] [restartedMain] JpaBaseConfiguration$JpaWebConfiguration : spring.jpa.open-in-view is enabled by default. Therefore, database queries may be performed during view rendering. Explicitly configure spring.jpa.open-in-view to disable this warning
2025-03-08T10:31:42.848+05:30  INFO 960 --- [employeepayrollapp] [restartedMain] c.b.e.EmployeepayrollappApplication      : Started EmployeepayrollappApplication in 4.467 seconds (process running for 5.116)
2025-03-08T10:47:19.477+05:30  INFO 7920 --- [employeepayrollapp] [restartedMain] c.b.e.EmployeepayrollappApplication      : Starting EmployeepayrollappApplication using Java 18.0.1.1 with PID 7920 (C:\Users\ASUS\Desktop\employeepayrollapp\target\classes started by root in C:\Users\ASUS\Desktop\employeepayrollapp)
2025-03-08T10:47:19.480+05:30 DEBUG 7920 --- [employeepayrollapp] [restartedMain] c.b.e.EmployeepayrollappApplication      : Running with Spring Boot v3.4.3, Spring v6.2.3
2025-03-08T10:47:19.481+05:30  INFO 7920 --- [employeepayrollapp] [restartedMain] c.b.e.EmployeepayrollappApplication      : No active profile set, falling back to 1 default profile: "default"
2025-03-08T10:47:22.655+05:30  WARN 7920 --- [employeepayrollapp] [restartedMain] JpaBaseConfiguration$JpaWebConfiguration : spring.jpa.open-in-view is enabled by default. Therefore, database queries may be performed during view rendering. Explicitly configure spring.jpa.open-in-view to disable this warning
2025-03-08T10:47:23.087+05:30  INFO 7920 --- [employeepayrollapp] [restartedMain] c.b.e.EmployeepayrollappApplication      : Started EmployeepayrollappApplication in 4.107 seconds (process running for 4.579)
2025-03-08T11:35:22.560+05:30  INFO 7880 --- [employeepayrollapp] [restartedMain] c.b.e.EmployeepayrollappApplication      : Starting EmployeepayrollappApplication using Java 18.0.1.1 with PID 7880 (C:\Users\ASUS\Desktop\employeepayrollapp\target\classes started by root in C:\Users\ASUS\Desktop\employeepayrollapp)
2025-03-08T11:35:22.560+05:30 DEBUG 7880 --- [employeepayrollapp] [restartedMain] c.b.e.EmployeepayrollappApplication      : Running with Spring Boot v3.4.3, Spring v6.2.3
2025-03-08T11:35:22.560+05:30  INFO 7880 --- [employeepayrollapp] [restartedMain] c.b.e.EmployeepayrollappApplication      : No active profile set, falling back to 1 default profile: "default"
2025-03-08T11:35:27.777+05:30  WARN 7880 --- [employeepayrollapp] [restartedMain] JpaBaseConfiguration$JpaWebConfiguration : spring.jpa.open-in-view is enabled by default. Therefore, database queries may be performed during view rendering. Explicitly configure spring.jpa.open-in-view to disable this warning
2025-03-08T11:35:28.360+05:30  INFO 7880 --- [employeepayrollapp] [restartedMain] c.b.e.EmployeepayrollappApplication      : Started EmployeepayrollappApplication in 6.688 seconds (process running for 7.837)
2025-03-08T13:29:59.676+05:30  INFO 3040 --- [employeepayrollapp] [restartedMain] c.b.e.EmployeepayrollappApplication      : Starting EmployeepayrollappApplication using Java 18.0.1.1 with PID 3040 (C:\Users\ASUS\Desktop\employeepayrollapp\target\classes started by root in C:\Users\ASUS\Desktop\employeepayrollapp)
2025-03-08T13:29:59.678+05:30 DEBUG 3040 --- [employeepayrollapp] [restartedMain] c.b.e.EmployeepayrollappApplication      : Running with Spring Boot v3.4.3, Spring v6.2.3
2025-03-08T13:29:59.679+05:30  INFO 3040 --- [employeepayrollapp] [restartedMain] c.b.e.EmployeepayrollappApplication      : No active profile set, falling back to 1 default profile: "default"
2025-03-08T13:30:03.764+05:30  WARN 3040 --- [employeepayrollapp] [restartedMain] JpaBaseConfiguration$JpaWebConfiguration : spring.jpa.open-in-view is enabled by default. Therefore, database queries may be performed during view rendering. Explicitly configure spring.jpa.open-in-view to disable this warning
2025-03-08T13:30:04.322+05:30  INFO 3040 --- [employeepayrollapp] [restartedMain] c.b.e.EmployeepayrollappApplication      : Started EmployeepayrollappApplication in 5.275 seconds (process running for 5.892)
2025-03-08T13:30:39.822+05:30  WARN 3040 --- [employeepayrollapp] [http-nio-8084-exec-2] .m.m.a.ExceptionHandlerExceptionResolver : Resolved [com.bridgelabz.employeepayrollapp.exceptions.EmployeeNotFoundException: Employee with ID 1 not found]
2025-03-08T13:31:20.295+05:30  WARN 3040 --- [employeepayrollapp] [http-nio-8084-exec-3] .m.m.a.ExceptionHandlerExceptionResolver : Resolved [com.bridgelabz.employeepayrollapp.exceptions.EmployeeNotFoundException: Employee with ID 1 not found]
2025-03-08T13:31:27.941+05:30  WARN 3040 --- [employeepayrollapp] [http-nio-8084-exec-4] .m.m.a.ExceptionHandlerExceptionResolver : Resolved [org.springframework.web.HttpRequestMethodNotSupportedException: Request method 'DELETE' is not supported]
2025-03-08T13:51:14.840+05:30  INFO 18932 --- [employeepayrollapp] [restartedMain] c.b.e.EmployeepayrollappApplication      : Starting EmployeepayrollappApplication using Java 18.0.1.1 with PID 18932 (C:\Users\ASUS\Desktop\employeepayrollapp\target\classes started by root in C:\Users\ASUS\Desktop\employeepayrollapp)
2025-03-08T13:51:14.843+05:30 DEBUG 18932 --- [employeepayrollapp] [restartedMain] c.b.e.EmployeepayrollappApplication      : Running with Spring Boot v3.4.3, Spring v6.2.3
2025-03-08T13:51:14.843+05:30  INFO 18932 --- [employeepayrollapp] [restartedMain] c.b.e.EmployeepayrollappApplication      : No active profile set, falling back to 1 default profile: "default"
2025-03-08T13:51:18.967+05:30  WARN 18932 --- [employeepayrollapp] [restartedMain] JpaBaseConfiguration$JpaWebConfiguration : spring.jpa.open-in-view is enabled by default. Therefore, database queries may be performed during view rendering. Explicitly configure spring.jpa.open-in-view to disable this warning
2025-03-08T13:51:19.486+05:30  INFO 18932 --- [employeepayrollapp] [restartedMain] c.b.e.EmployeepayrollappApplication      : Started EmployeepayrollappApplication in 5.328 seconds (process running for 5.936)
2025-03-08T13:51:27.854+05:30  WARN 18932 --- [employeepayrollapp] [http-nio-8084-exec-3] .m.m.a.ExceptionHandlerExceptionResolver : Resolved [com.bridgelabz.employeepayrollapp.exceptions.EmployeeNotFoundException: Employee with ID 1 not found]
2025-03-08T13:53:37.289+05:30  WARN 18932 --- [employeepayrollapp] [http-nio-8084-exec-6] .m.m.a.ExceptionHandlerExceptionResolver : Resolved [com.bridgelabz.employeepayrollapp.exceptions.EmployeeNotFoundException: Employee with ID 1 not found]
